<?xml version="1.0" encoding="UTF-8"?>
<testsuite xmlns:xsi="http://www.w3.org/2001/XMLSchema-instance" xsi:noNamespaceSchemaLocation="https://maven.apache.org/surefire/maven-surefire-plugin/xsd/surefire-test-report.xsd" name="com.atguigu.admin.Junit5Test" time="0.437" tests="6" errors="1" skipped="2" failures="2">
  <properties>
[...]
</properties>
  <testcase name="testTimeout" classname="com.atguigu.admin.Junit5Test" time="0.335">
    <error message="testTimeout() timed out after 500 milliseconds" type="java.util.concurrent.TimeoutException">java.util.concurrent.TimeoutException: testTimeout() timed out after 500 milliseconds
</error>
    <system-out><![CDATA[2021-12-23 10:23:27.279  INFO 18928 --- [           main] .b.t.c.SpringBootTestContextBootstrapper : Neither @ContextConfiguration nor @ContextHierarchy found for test class [com.atguigu.admin.Junit5Test], using SpringBootContextLoader
2021-12-23 10:23:27.280  INFO 18928 --- [           main] o.s.t.c.support.AbstractContextLoader    : Could not detect default resource locations for test class [com.atguigu.admin.Junit5Test]: no resource found for suffixes {-context.xml, Context.groovy}.
2021-12-23 10:23:27.281  INFO 18928 --- [           main] t.c.s.AnnotationConfigContextLoaderUtils : Could not detect default configuration classes for test class [com.atguigu.admin.Junit5Test]: Junit5Test does not declare any static, non-private, non-final, nested classes annotated with @Configuration.
2021-12-23 10:23:27.284  INFO 18928 --- [           main] .b.t.c.SpringBootTestContextBootstrapper : Found @SpringBootConfiguration com.atguigu.admin.Boot05WebAdminApplication for test class com.atguigu.admin.Junit5Test
2021-12-23 10:23:27.288  INFO 18928 --- [           main] .b.t.c.SpringBootTestContextBootstrapper : Loaded default TestExecutionListener class names from location [META-INF/spring.factories]: [org.springframework.boot.test.mock.mockito.MockitoTestExecutionListener, org.springframework.boot.test.mock.mockito.ResetMocksTestExecutionListener, org.springframework.boot.test.autoconfigure.restdocs.RestDocsTestExecutionListener, org.springframework.boot.test.autoconfigure.web.client.MockRestServiceServerResetTestExecutionListener, org.springframework.boot.test.autoconfigure.web.servlet.MockMvcPrintOnlyOnFailureTestExecutionListener, org.springframework.boot.test.autoconfigure.web.servlet.WebDriverTestExecutionListener, org.springframework.boot.test.autoconfigure.webservices.client.MockWebServiceServerTestExecutionListener, org.springframework.test.context.web.ServletTestExecutionListener, org.springframework.test.context.support.DirtiesContextBeforeModesTestExecutionListener, org.springframework.test.context.event.ApplicationEventsTestExecutionListener, org.springframework.test.context.support.DependencyInjectionTestExecutionListener, org.springframework.test.context.support.DirtiesContextTestExecutionListener, org.springframework.test.context.transaction.TransactionalTestExecutionListener, org.springframework.test.context.jdbc.SqlScriptsTestExecutionListener, org.springframework.test.context.event.EventPublishingTestExecutionListener]
2021-12-23 10:23:27.300  INFO 18928 --- [           main] .b.t.c.SpringBootTestContextBootstrapper : Using TestExecutionListeners: [org.springframework.test.context.web.ServletTestExecutionListener@1fee4278, org.springframework.test.context.support.DirtiesContextBeforeModesTestExecutionListener@51132514, org.springframework.test.context.event.ApplicationEventsTestExecutionListener@20864cd1, org.springframework.boot.test.mock.mockito.MockitoTestExecutionListener@5c839677, org.springframework.boot.test.autoconfigure.SpringBootDependencyInjectionTestExecutionListener@3193e21d, org.springframework.test.context.support.DirtiesContextTestExecutionListener@79604abe, org.springframework.test.context.transaction.TransactionalTestExecutionListener@6b126187, org.springframework.test.context.jdbc.SqlScriptsTestExecutionListener@2b6262bc, org.springframework.test.context.event.EventPublishingTestExecutionListener@5cffec7, org.springframework.boot.test.mock.mockito.ResetMocksTestExecutionListener@7e81617a, org.springframework.boot.test.autoconfigure.restdocs.RestDocsTestExecutionListener@6e73974, org.springframework.boot.test.autoconfigure.web.client.MockRestServiceServerResetTestExecutionListener@3e28dc96, org.springframework.boot.test.autoconfigure.web.servlet.MockMvcPrintOnlyOnFailureTestExecutionListener@44eb2452, org.springframework.boot.test.autoconfigure.web.servlet.WebDriverTestExecutionListener@31940704, org.springframework.boot.test.autoconfigure.webservices.client.MockWebServiceServerTestExecutionListener@e07b4db]
所有测试都要开始了
测试就要开始了
测试结束了
]]></system-out>
  </testcase>
  <testcase name="testassumptions" classname="com.atguigu.admin.Junit5Test" time="0">
    <skipped message="Assumption failed: 结果不是true" type="org.opentest4j.TestAbortedException">org.opentest4j.TestAbortedException: Assumption failed: 结果不是true
	at com.atguigu.admin.Junit5Test.testassumptions(Junit5Test.java:58)
</skipped>
    <system-out><![CDATA[测试就要开始了
测试结束了
]]></system-out>
  </testcase>
  <testcase name="all" classname="com.atguigu.admin.Junit5Test" time="0.024">
    <failure message="test (1 failure)&#10;	org.opentest4j.AssertionFailedError: 结果不是1 ==&gt; expected: &lt;1&gt; but was: &lt;2&gt;" type="org.opentest4j.MultipleFailuresError"><![CDATA[org.opentest4j.MultipleFailuresError: 
test (1 failure)
	org.opentest4j.AssertionFailedError: 结果不是1 ==> expected: <1> but was: <2>
	at com.atguigu.admin.Junit5Test.all(Junit5Test.java:48)
]]></failure>
    <system-out><![CDATA[测试就要开始了
测试结束了
]]></system-out>
  </testcase>
  <testcase name="test2" classname="com.atguigu.admin.Junit5Test" time="0">
    <skipped message="void com.atguigu.admin.Junit5Test.test2() is @Disabled"/>
  </testcase>
  <testcase name="testDisplayName" classname="com.atguigu.admin.Junit5Test" time="0.008"/>
  <testcase name="testSimpleAssertions" classname="com.atguigu.admin.Junit5Test" time="0.006">
    <failure message="两个对象不一样 ==&gt; expected: &lt;java.lang.Object@37ffe4f3&gt; but was: &lt;java.lang.Object@4fa0ee7e&gt;" type="org.opentest4j.AssertionFailedError"><![CDATA[org.opentest4j.AssertionFailedError: 两个对象不一样 ==> expected: <java.lang.Object@37ffe4f3> but was: <java.lang.Object@4fa0ee7e>
	at com.atguigu.admin.Junit5Test.testSimpleAssertions(Junit5Test.java:37)
]]></failure>
    <system-out><![CDATA[测试就要开始了
测试结束了
]]></system-out>
  </testcase>
</testsuite>